<?xml version="1.0" encoding="UTF-8"?>
<testsuite xmlns:xsi="http://www.w3.org/2001/XMLSchema-instance" xsi:noNamespaceSchemaLocation="https://maven.apache.org/surefire/maven-surefire-plugin/xsd/surefire-test-report.xsd" version="3.0.2" name="com.sandraom.reservatuclase.ReservatuclaseApplicationTests" time="10.575" tests="1" errors="0" skipped="0" failures="0">
  <properties>
[...]
</properties>
  <testcase name="contextLoads" classname="com.sandraom.reservatuclase.ReservatuclaseApplicationTests" time="1.014">
    <system-out><![CDATA[21:55:16.796 [main] INFO org.springframework.test.context.support.AnnotationConfigContextLoaderUtils -- Could not detect default configuration classes for test class [com.sandraom.reservatuclase.ReservatuclaseApplicationTests]: ReservatuclaseApplicationTests does not declare any static, non-private, non-final, nested classes annotated with @Configuration.
21:55:16.994 [main] INFO org.springframework.boot.test.context.SpringBootTestContextBootstrapper -- Found @SpringBootConfiguration com.sandraom.reservatuclase.ReservatuclaseApplication for test class com.sandraom.reservatuclase.ReservatuclaseApplicationTests
21:55:17.291 [main] INFO org.springframework.boot.devtools.restart.RestartApplicationListener -- Restart disabled due to context in which it is running

  .   ____          _            __ _ _
 /\\ / ___'_ __ _ _(_)_ __  __ _ \ \ \ \
( ( )\___ | '_ | '_| | '_ \/ _` | \ \ \ \
 \\/  ___)| |_)| | | | | || (_| |  ) ) ) )
  '  |____| .__|_| |_|_| |_\__, | / / / /
 =========|_|==============|___/=/_/_/_/

 :: Spring Boot ::                (v3.4.2)

2025-02-18T21:55:17.939+01:00  INFO 23288 --- [reservatuclase] [           main] c.s.r.ReservatuclaseApplicationTests     : Starting ReservatuclaseApplicationTests using Java 23.0.2 with PID 23288 (started by Sandra in c:\Users\Sandra\Desktop\Proyecto\reservatuclase)
2025-02-18T21:55:17.942+01:00  INFO 23288 --- [reservatuclase] [           main] c.s.r.ReservatuclaseApplicationTests     : No active profile set, falling back to 1 default profile: "default"
2025-02-18T21:55:19.659+01:00  INFO 23288 --- [reservatuclase] [           main] .s.d.r.c.RepositoryConfigurationDelegate : Multiple Spring Data modules found, entering strict repository configuration mode
2025-02-18T21:55:19.672+01:00  INFO 23288 --- [reservatuclase] [           main] .s.d.r.c.RepositoryConfigurationDelegate : Bootstrapping Spring Data JDBC repositories in DEFAULT mode.
2025-02-18T21:55:19.749+01:00  INFO 23288 --- [reservatuclase] [           main] .RepositoryConfigurationExtensionSupport : Spring Data JDBC - Could not safely identify store assignment for repository candidate interface com.sandraom.reservatuclase.repository.UsuarioRepository; If you want this repository to be a JDBC repository, consider annotating your entities with one of these annotations: org.springframework.data.relational.core.mapping.Table.
2025-02-18T21:55:19.749+01:00  INFO 23288 --- [reservatuclase] [           main] .s.d.r.c.RepositoryConfigurationDelegate : Finished Spring Data repository scanning in 66 ms. Found 0 JDBC repository interfaces.
2025-02-18T21:55:19.767+01:00  INFO 23288 --- [reservatuclase] [           main] .s.d.r.c.RepositoryConfigurationDelegate : Multiple Spring Data modules found, entering strict repository configuration mode
2025-02-18T21:55:19.782+01:00  INFO 23288 --- [reservatuclase] [           main] .s.d.r.c.RepositoryConfigurationDelegate : Bootstrapping Spring Data JPA repositories in DEFAULT mode.
2025-02-18T21:55:19.835+01:00  INFO 23288 --- [reservatuclase] [           main] .s.d.r.c.RepositoryConfigurationDelegate : Finished Spring Data repository scanning in 47 ms. Found 1 JPA repository interface.
2025-02-18T21:55:20.594+01:00  INFO 23288 --- [reservatuclase] [           main] com.zaxxer.hikari.HikariDataSource       : HikariPool-1 - Starting...
2025-02-18T21:55:20.989+01:00  INFO 23288 --- [reservatuclase] [           main] com.zaxxer.hikari.pool.HikariPool        : HikariPool-1 - Added connection com.mysql.cj.jdbc.ConnectionImpl@1a8e9ed9
2025-02-18T21:55:20.995+01:00  INFO 23288 --- [reservatuclase] [           main] com.zaxxer.hikari.HikariDataSource       : HikariPool-1 - Start completed.
2025-02-18T21:55:21.316+01:00  INFO 23288 --- [reservatuclase] [           main] o.hibernate.jpa.internal.util.LogHelper  : HHH000204: Processing PersistenceUnitInfo [name: default]
2025-02-18T21:55:21.518+01:00  INFO 23288 --- [reservatuclase] [           main] org.hibernate.Version                    : HHH000412: Hibernate ORM core version 6.6.5.Final
2025-02-18T21:55:21.583+01:00  INFO 23288 --- [reservatuclase] [           main] o.h.c.internal.RegionFactoryInitiator    : HHH000026: Second-level cache disabled
2025-02-18T21:55:22.136+01:00  INFO 23288 --- [reservatuclase] [           main] o.s.o.j.p.SpringPersistenceUnitInfo      : No LoadTimeWeaver setup: ignoring JPA class transformer
2025-02-18T21:55:22.249+01:00  WARN 23288 --- [reservatuclase] [           main] org.hibernate.orm.deprecation            : HHH90000025: MySQL8Dialect does not need to be specified explicitly using 'hibernate.dialect' (remove the property setting and it will be selected by default)
2025-02-18T21:55:22.249+01:00  WARN 23288 --- [reservatuclase] [           main] org.hibernate.orm.deprecation            : HHH90000026: MySQL8Dialect has been deprecated; use org.hibernate.dialect.MySQLDialect instead
2025-02-18T21:55:22.283+01:00  INFO 23288 --- [reservatuclase] [           main] org.hibernate.orm.connections.pooling    : HHH10001005: Database info:
	Database JDBC URL [Connecting through datasource 'HikariDataSource (HikariPool-1)']
	Database driver: undefined/unknown
	Database version: 8.0
	Autocommit mode: undefined/unknown
	Isolation level: undefined/unknown
	Minimum pool size: undefined/unknown
	Maximum pool size: undefined/unknown
2025-02-18T21:55:23.802+01:00  INFO 23288 --- [reservatuclase] [           main] o.h.e.t.j.p.i.JtaPlatformInitiator       : HHH000489: No JTA platform available (set 'hibernate.transaction.jta.platform' to enable JTA platform integration)
2025-02-18T21:55:23.979+01:00  INFO 23288 --- [reservatuclase] [           main] j.LocalContainerEntityManagerFactoryBean : Initialized JPA EntityManagerFactory for persistence unit 'default'
2025-02-18T21:55:24.664+01:00  INFO 23288 --- [reservatuclase] [           main] r$InitializeUserDetailsManagerConfigurer : Global AuthenticationManager configured with UserDetailsService bean with name customUserDetailsService
2025-02-18T21:55:24.740+01:00  WARN 23288 --- [reservatuclase] [           main] JpaBaseConfiguration$JpaWebConfiguration : spring.jpa.open-in-view is enabled by default. Therefore, database queries may be performed during view rendering. Explicitly configure spring.jpa.open-in-view to disable this warning
2025-02-18T21:55:26.030+01:00  INFO 23288 --- [reservatuclase] [           main] c.s.r.ReservatuclaseApplicationTests     : Started ReservatuclaseApplicationTests in 8.76 seconds (process running for 10.864)
]]></system-out>
    <system-err><![CDATA[Mockito is currently self-attaching to enable the inline-mock-maker. This will no longer work in future releases of the JDK. Please add Mockito as an agent to your build what is described in Mockito's documentation: https://javadoc.io/doc/org.mockito/mockito-core/latest/org/mockito/Mockito.html#0.3
WARNING: A Java agent has been loaded dynamically (C:\Users\Sandra\.m2\repository\net\bytebuddy\byte-buddy-agent\1.15.11\byte-buddy-agent-1.15.11.jar)
WARNING: If a serviceability tool is in use, please run with -XX:+EnableDynamicAgentLoading to hide this warning
WARNING: If a serviceability tool is not in use, please run with -Djdk.instrument.traceUsage for more information
WARNING: Dynamic loading of agents will be disallowed by default in a future release
]]></system-err>
  </testcase>
</testsuite>